build/app/intermediates/manifest_merge_blame_file/debug/processDebugMainManifest/manifest-merger-blame-debug-report.txt
1<?xml version="1.0" encoding="utf-8"?>
2<manifest xmlns:android="http://schemas.android.com/apk/res/android"
3    package="com.example.lecture_attendance_alarm_app"
4    android:versionCode="1"
5    android:versionName="1.0" >
6
7    <uses-sdk
8        android:minSdkVersion="21"
9        android:targetSdkVersion="35" />
10    <!--
11         The INTERNET permission is required for development. Specifically,
12         the Flutter tool needs it to communicate with the running application
13         to allow setting breakpoints, to provide hot reload, etc.
14    -->
15    <uses-permission android:name="android.permission.INTERNET" />
15-->src/debug/AndroidManifest.xml:6:5-66
15-->src/debug/AndroidManifest.xml:6:22-64
16    <uses-permission android:name="android.permission.USE_FULL_SCREEN_INTENT" />
16-->src/main/AndroidManifest.xml:3:5-81
16-->src/main/AndroidManifest.xml:3:22-78
17    <uses-permission android:name="android.permission.POST_NOTIFICATIONS" />
17-->src/main/AndroidManifest.xml:4:5-77
17-->src/main/AndroidManifest.xml:4:22-74
18    <uses-permission android:name="android.permission.SCHEDULE_EXACT_ALARM" />
18-->src/main/AndroidManifest.xml:5:5-79
18-->src/main/AndroidManifest.xml:5:22-76
19    <uses-permission android:name="android.permission.WAKE_LOCK" />
19-->src/main/AndroidManifest.xml:6:5-68
19-->src/main/AndroidManifest.xml:6:22-65
20    <uses-permission android:name="android.permission.RECEIVE_BOOT_COMPLETED" />
20-->src/main/AndroidManifest.xml:7:5-81
20-->src/main/AndroidManifest.xml:7:22-78
21    <!--
22 Required to query activities that can process text, see:
23         https://developer.android.com/training/package-visibility and
24         https://developer.android.com/reference/android/content/Intent#ACTION_PROCESS_TEXT.
25
26         In particular, this is used by the Flutter engine in io.flutter.plugin.text.ProcessTextPlugin.
27    -->
28    <queries>
28-->src/main/AndroidManifest.xml:64:5-69:15
29        <intent>
29-->src/main/AndroidManifest.xml:65:9-68:18
30            <action android:name="android.intent.action.PROCESS_TEXT" />
30-->src/main/AndroidManifest.xml:66:13-73
30-->src/main/AndroidManifest.xml:66:21-70
31
32            <data android:mimeType="text/plain" />
32-->src/main/AndroidManifest.xml:67:13-51
32-->src/main/AndroidManifest.xml:67:19-48
33        </intent>
34    </queries>
35
36    <uses-permission android:name="android.permission.VIBRATE" />
36-->[:flutter_local_notifications] AndroidManifest.xml:7:5-66
36-->[:flutter_local_notifications] AndroidManifest.xml:7:22-63
37
38    <permission
38-->[androidx.core:core:1.13.1] AndroidManifest.xml:22:5-24:47
39        android:name="com.example.lecture_attendance_alarm_app.DYNAMIC_RECEIVER_NOT_EXPORTED_PERMISSION"
39-->[androidx.core:core:1.13.1] AndroidManifest.xml:23:9-81
40        android:protectionLevel="signature" />
40-->[androidx.core:core:1.13.1] AndroidManifest.xml:24:9-44
41
42    <uses-permission android:name="com.example.lecture_attendance_alarm_app.DYNAMIC_RECEIVER_NOT_EXPORTED_PERMISSION" /> <!-- New: allow full-screen intent (Android 10+) -->
42-->[androidx.core:core:1.13.1] AndroidManifest.xml:26:5-97
42-->[androidx.core:core:1.13.1] AndroidManifest.xml:26:22-94
43    <application
44        android:name="android.app.Application"
45        android:appComponentFactory="androidx.core.app.CoreComponentFactory"
45-->[androidx.core:core:1.13.1] AndroidManifest.xml:28:18-86
46        android:debuggable="true"
47        android:extractNativeLibs="true"
48        android:icon="@drawable/attendance"
49        android:label="Lecture App" >
50        <activity
51            android:name="com.example.lecture_attendance_alarm_app.MainActivity"
52            android:configChanges="orientation|keyboardHidden|keyboard|screenSize|smallestScreenSize|locale|layoutDirection|fontScale|screenLayout|density|uiMode"
53            android:enableOnBackInvokedCallback="true"
54            android:exported="true"
55            android:hardwareAccelerated="true"
56            android:icon="@drawable/attendance"
57            android:launchMode="singleTop"
58            android:showWhenLocked="true"
59            android:taskAffinity=""
60            android:theme="@style/LaunchTheme"
61            android:turnScreenOn="true"
62            android:windowSoftInputMode="adjustResize" >
63
64            <!--
65                 Specifies an Android theme to apply to this Activity as soon as
66                 the Android process has started. This theme is visible to the user
67                 while the Flutter UI initializes. After that, this theme continues
68                 to determine the Window background behind the Flutter UI.
69            -->
70            <meta-data
71                android:name="io.flutter.embedding.android.NormalTheme"
72                android:resource="@style/NormalTheme" />
73
74            <intent-filter>
75                <action android:name="android.intent.action.MAIN" />
76
77                <category android:name="android.intent.category.LAUNCHER" />
78            </intent-filter>
79        </activity>
80        <!-- Keep scheduled notifications after reboot -->
81        <receiver
82            android:name="com.dexterous.flutterlocalnotifications.ScheduledNotificationBootReceiver"
83            android:exported="false" >
84            <intent-filter>
85                <action android:name="android.intent.action.BOOT_COMPLETED" />
86                <action android:name="android.intent.action.MY_PACKAGE_REPLACED" />
87            </intent-filter>
88        </receiver>
89        <receiver
90            android:name="com.dexterous.flutterlocalnotifications.ScheduledNotificationReceiver"
91            android:exported="false" />
92        <!--
93             Don't delete the meta-data below.
94             This is used by the Flutter tool to generate GeneratedPluginRegistrant.java
95        -->
96        <meta-data
97            android:name="flutterEmbedding"
98            android:value="2" />
99
100        <uses-library
100-->[androidx.window:window:1.2.0] AndroidManifest.xml:23:9-25:40
101            android:name="androidx.window.extensions"
101-->[androidx.window:window:1.2.0] AndroidManifest.xml:24:13-54
102            android:required="false" />
102-->[androidx.window:window:1.2.0] AndroidManifest.xml:25:13-37
103        <uses-library
103-->[androidx.window:window:1.2.0] AndroidManifest.xml:26:9-28:40
104            android:name="androidx.window.sidecar"
104-->[androidx.window:window:1.2.0] AndroidManifest.xml:27:13-51
105            android:required="false" />
105-->[androidx.window:window:1.2.0] AndroidManifest.xml:28:13-37
106
107        <provider
107-->[androidx.lifecycle:lifecycle-process:2.7.0] AndroidManifest.xml:24:9-32:20
108            android:name="androidx.startup.InitializationProvider"
108-->[androidx.lifecycle:lifecycle-process:2.7.0] AndroidManifest.xml:25:13-67
109            android:authorities="com.example.lecture_attendance_alarm_app.androidx-startup"
109-->[androidx.lifecycle:lifecycle-process:2.7.0] AndroidManifest.xml:26:13-68
110            android:exported="false" >
110-->[androidx.lifecycle:lifecycle-process:2.7.0] AndroidManifest.xml:27:13-37
111            <meta-data
111-->[androidx.lifecycle:lifecycle-process:2.7.0] AndroidManifest.xml:29:13-31:52
112                android:name="androidx.lifecycle.ProcessLifecycleInitializer"
112-->[androidx.lifecycle:lifecycle-process:2.7.0] AndroidManifest.xml:30:17-78
113                android:value="androidx.startup" />
113-->[androidx.lifecycle:lifecycle-process:2.7.0] AndroidManifest.xml:31:17-49
114            <meta-data
114-->[androidx.profileinstaller:profileinstaller:1.3.1] AndroidManifest.xml:29:13-31:52
115                android:name="androidx.profileinstaller.ProfileInstallerInitializer"
115-->[androidx.profileinstaller:profileinstaller:1.3.1] AndroidManifest.xml:30:17-85
116                android:value="androidx.startup" />
116-->[androidx.profileinstaller:profileinstaller:1.3.1] AndroidManifest.xml:31:17-49
117        </provider>
118
119        <receiver
119-->[androidx.profileinstaller:profileinstaller:1.3.1] AndroidManifest.xml:34:9-52:20
120            android:name="androidx.profileinstaller.ProfileInstallReceiver"
120-->[androidx.profileinstaller:profileinstaller:1.3.1] AndroidManifest.xml:35:13-76
121            android:directBootAware="false"
121-->[androidx.profileinstaller:profileinstaller:1.3.1] AndroidManifest.xml:36:13-44
122            android:enabled="true"
122-->[androidx.profileinstaller:profileinstaller:1.3.1] AndroidManifest.xml:37:13-35
123            android:exported="true"
123-->[androidx.profileinstaller:profileinstaller:1.3.1] AndroidManifest.xml:38:13-36
124            android:permission="android.permission.DUMP" >
124-->[androidx.profileinstaller:profileinstaller:1.3.1] AndroidManifest.xml:39:13-57
125            <intent-filter>
125-->[androidx.profileinstaller:profileinstaller:1.3.1] AndroidManifest.xml:40:13-42:29
126                <action android:name="androidx.profileinstaller.action.INSTALL_PROFILE" />
126-->[androidx.profileinstaller:profileinstaller:1.3.1] AndroidManifest.xml:41:17-91
126-->[androidx.profileinstaller:profileinstaller:1.3.1] AndroidManifest.xml:41:25-88
127            </intent-filter>
128            <intent-filter>
128-->[androidx.profileinstaller:profileinstaller:1.3.1] AndroidManifest.xml:43:13-45:29
129                <action android:name="androidx.profileinstaller.action.SKIP_FILE" />
129-->[androidx.profileinstaller:profileinstaller:1.3.1] AndroidManifest.xml:44:17-85
129-->[androidx.profileinstaller:profileinstaller:1.3.1] AndroidManifest.xml:44:25-82
130            </intent-filter>
131            <intent-filter>
131-->[androidx.profileinstaller:profileinstaller:1.3.1] AndroidManifest.xml:46:13-48:29
132                <action android:name="androidx.profileinstaller.action.SAVE_PROFILE" />
132-->[androidx.profileinstaller:profileinstaller:1.3.1] AndroidManifest.xml:47:17-88
132-->[androidx.profileinstaller:profileinstaller:1.3.1] AndroidManifest.xml:47:25-85
133            </intent-filter>
134            <intent-filter>
134-->[androidx.profileinstaller:profileinstaller:1.3.1] AndroidManifest.xml:49:13-51:29
135                <action android:name="androidx.profileinstaller.action.BENCHMARK_OPERATION" />
135-->[androidx.profileinstaller:profileinstaller:1.3.1] AndroidManifest.xml:50:17-95
135-->[androidx.profileinstaller:profileinstaller:1.3.1] AndroidManifest.xml:50:25-92
136            </intent-filter>
137        </receiver>
138    </application>
139
140</manifest>